Server Started
Server Started
Server Started
GET METHOD RECEIVED. PARAMS ARE: pippo=1
GET METHOD RECEIVED. PARAMS ARE: pippo=1
GET METHOD RECEIVED. PARAMS ARE: pippo=1
GET METHOD RECEIVED. PARAMS ARE: pippo=1
[2021-05-17 13:15:31.196] - INFO: Server Started
[2021-05-17 13:15:31.211] - INFO: Server Started
[2021-05-17 13:15:31.211] - INFO: Server Started
[2021-05-17 13:15:51.570] - INFO: GET METHOD RECEIVED. PARAMS ARE: pippo=1
[2021-05-17 13:15:51.570] - INFO: GET METHOD RECEIVED. PARAMS ARE: pippo=1
[2021-05-17 13:16:00.033] - INFO: GET METHOD RECEIVED. PARAMS ARE: pippo=1
[2021-05-17 13:16:00.033] - INFO: GET METHOD RECEIVED. PARAMS ARE: pippo=1
[2021-05-17 13:21:44.011] - INFO: Server Started
[2021-05-17 13:21:44.026] - INFO: Server Started
[2021-05-17 13:21:44.026] - INFO: Server Started
[2021-05-17 13:21:49.237] - INFO: GET METHOD RECEIVED. PARAMS ARE: pippo=1
[2021-05-17 13:21:49.237] - INFO: GET METHOD RECEIVED. PARAMS ARE: pippo=1
[2021-05-17 13:21:58.112] - INFO: GET METHOD RECEIVED. PARAMS ARE: pippo=1
[2021-05-17 13:21:58.112] - INFO: GET METHOD RECEIVED. PARAMS ARE: pippo=1
[2021-05-17 13:26:03.299] - INFO: Server Started
[2021-05-17 13:26:03.313] - INFO: Server Started
[2021-05-17 13:26:03.313] - INFO: Server Started
[2021-05-17 13:26:14.771] - INFO: GET METHOD RECEIVED. PARAMS ARE: pippo=1
[2021-05-17 13:26:14.771] - INFO: GET METHOD RECEIVED. PARAMS ARE: pippo=1
[2021-05-17 13:26:21.222] - INFO: GET METHOD RECEIVED. PARAMS ARE: pippo=1
[2021-05-17 13:26:21.222] - INFO: GET METHOD RECEIVED. PARAMS ARE: pippo=1
[2021-05-17 13:28:23.304] - INFO: Server Started
[2021-05-17 13:28:23.319] - INFO: Server Started
[2021-05-17 13:28:23.319] - INFO: Server Started
[2021-05-17 13:28:33.905] - INFO: GET METHOD RECEIVED. PARAMS ARE: pippo=1
[2021-05-17 13:28:33.905] - INFO: GET METHOD RECEIVED. PARAMS ARE: pippo=1
[2021-05-17 13:31:36.472] - INFO: Server Started
[2021-05-17 13:38:30.304] - INFO: Server Started
[2021-05-17 14:50:44.216] - INFO: Server Started
[2021-05-17 14:50:44.230] - INFO: Server Started
[2021-05-17 14:50:44.230] - INFO: Server Started
[2021-05-17 14:50:58.052] - INFO: GET METHOD RECEIVED. PARAMS ARE: pippo=aaaaaa
[2021-05-17 14:50:58.052] - INFO: GET METHOD RECEIVED. PARAMS ARE: pippo=aaaaaa
[2021-05-17 14:51:17.849] - INFO: GET METHOD RECEIVED. PARAMS ARE: pippo=aaaaaa
[2021-05-17 14:51:17.849] - INFO: GET METHOD RECEIVED. PARAMS ARE: pippo=aaaaaa
[2021-05-17 14:52:18.744] - INFO: GET METHOD RECEIVED. PARAMS ARE: pippo=aaaaaa
[2021-05-17 14:52:18.744] - INFO: GET METHOD RECEIVED. PARAMS ARE: pippo=aaaaaa
[2021-05-17 14:53:08.609] - INFO: GET METHOD RECEIVED. PARAMS ARE: pippo=1; pluto=ciao
[2021-05-17 14:53:08.609] - INFO: GET METHOD RECEIVED. PARAMS ARE: pippo=1; pluto=ciao
[2021-05-17 14:54:33.822] - INFO: GET METHOD RECEIVED. PARAMS ARE: pippo=1; pluto=ciao; gigi=2
[2021-05-17 14:54:33.822] - INFO: GET METHOD RECEIVED. PARAMS ARE: pippo=1; pluto=ciao; gigi=2
[2021-05-17 14:55:03.195] - INFO: GET METHOD RECEIVED. PARAMS ARE: pippo=aaaaaa; gigi=1
[2021-05-17 14:55:03.195] - INFO: GET METHOD RECEIVED. PARAMS ARE: pippo=aaaaaa; gigi=1
[2021-05-17 14:55:30.418] - INFO: GET METHOD RECEIVED. PARAMS ARE: pippo=aaaaaa; gigi=1
[2021-05-17 14:55:30.418] - INFO: GET METHOD RECEIVED. PARAMS ARE: pippo=aaaaaa; gigi=1
